  DataBaseStudy.cpp
C:\Users\User\source\repos\DataBaseStudy\DataBaseStudy\DataBaseStudy.cpp(50,41): warning C4267: '=': conversion from 'size_t' to 'int', possible loss of data
C:\Users\User\source\repos\DataBaseStudy\DataBaseStudy\DataBaseStudy.cpp(94,71): warning C4267: '=': conversion from 'size_t' to 'int', possible loss of data
C:\Users\User\source\repos\DataBaseStudy\DataBaseStudy\DataBaseStudy.cpp(141,55): warning C4244: 'initializing': conversion from 'double' to 'size_t', possible loss of data
C:\Users\User\source\repos\DataBaseStudy\DataBaseStudy\DataBaseStudy.cpp(142,52): warning C4244: 'initializing': conversion from 'double' to 'size_t', possible loss of data
C:\Users\User\source\repos\DataBaseStudy\DataBaseStudy\DataBaseStudy.cpp(364,52): warning C4244: 'initializing': conversion from 'double' to 'size_t', possible loss of data
C:\Users\User\source\repos\DataBaseStudy\DataBaseStudy\DataBaseStudy.cpp(365,57): warning C4244: 'initializing': conversion from 'double' to 'size_t', possible loss of data
C:\Users\User\source\repos\DataBaseStudy\DataBaseStudy\DataBaseStudy.cpp(366,51): warning C4244: 'initializing': conversion from 'double' to 'size_t', possible loss of data
C:\Users\User\source\repos\DataBaseStudy\DataBaseStudy\DataBaseStudy.cpp(367,52): warning C4244: 'initializing': conversion from 'double' to 'size_t', possible loss of data
C:\Users\User\source\repos\DataBaseStudy\DataBaseStudy\DataBaseStudy.cpp(368,58): warning C4244: 'initializing': conversion from 'double' to 'size_t', possible loss of data
C:\Users\User\source\repos\DataBaseStudy\DataBaseStudy\DataBaseStudy.cpp(407,69): warning C4267: '=': conversion from 'size_t' to 'int', possible loss of data
C:\Users\User\source\repos\DataBaseStudy\DataBaseStudy\DataBaseStudy.cpp(418,74): warning C4267: '=': conversion from 'size_t' to 'int', possible loss of data
C:\Users\User\source\repos\DataBaseStudy\DataBaseStudy\DataBaseStudy.cpp(432,85): warning C4267: '=': conversion from 'size_t' to 'int', possible loss of data
C:\Users\User\source\repos\DataBaseStudy\DataBaseStudy\DataBaseStudy.cpp(451,85): warning C4267: '=': conversion from 'size_t' to 'int', possible loss of data
C:\Users\User\source\repos\DataBaseStudy\DataBaseStudy\DataBaseStudy.cpp(471,81): warning C4267: '=': conversion from 'size_t' to 'int', possible loss of data
C:\Users\User\source\repos\DataBaseStudy\DataBaseStudy\DataBaseStudy.cpp(488,85): warning C4267: '=': conversion from 'size_t' to 'int', possible loss of data
C:\Users\User\source\repos\DataBaseStudy\DataBaseStudy\DataBaseStudy.cpp(578,68): warning C4244: 'initializing': conversion from 'double' to 'size_t', possible loss of data
C:\Users\User\source\repos\DataBaseStudy\DataBaseStudy\DataBaseStudy.cpp(591,40): warning C4244: 'initializing': conversion from 'double' to 'int', possible loss of data
C:\Users\User\source\repos\DataBaseStudy\DataBaseStudy\DataBaseStudy.cpp(689,56): warning C4267: '=': conversion from 'size_t' to 'int', possible loss of data
C:\Users\User\source\repos\DataBaseStudy\DataBaseStudy\DataBaseStudy.cpp(715,60): warning C4267: '=': conversion from 'size_t' to 'int', possible loss of data
C:\Users\User\source\repos\DataBaseStudy\DataBaseStudy\DataBaseStudy.cpp(785,51): warning C4244: 'initializing': conversion from 'double' to 'size_t', possible loss of data
C:\Users\User\source\repos\DataBaseStudy\DataBaseStudy\DataBaseStudy.cpp(786,48): warning C4244: 'initializing': conversion from 'double' to 'size_t', possible loss of data
C:\Users\User\source\repos\DataBaseStudy\DataBaseStudy\DataBaseStudy.cpp(1085,53): warning C4244: 'initializing': conversion from 'double' to 'size_t', possible loss of data
C:\Users\User\source\repos\DataBaseStudy\DataBaseStudy\DataBaseStudy.cpp(398,29): warning C4101: 'necessaryquantitysymbols': unreferenced local variable
C:\Users\User\source\repos\DataBaseStudy\DataBaseStudy\DataBaseStudy.cpp(1728,41): warning C4267: '=': conversion from 'size_t' to 'int', possible loss of data
  Generating code
  0 of 343 functions ( 0.0%) were compiled, the rest were copied from previous compilation.
    0 functions were new in current compilation
    0 functions had inline decision re-evaluated but remain unchanged
  Finished generating code
  DataBaseStudy.vcxproj -> C:\Users\User\source\repos\DataBaseStudy\x64\Release\DataBaseStudy.exe
